Timing is on.
 c_custkey |       c_name       |   revenue   | c_acctbal |          n_name           |                c_address                |     c_phone     |                                                    c_comment                                                     
-----------+--------------------+-------------+-----------+---------------------------+-----------------------------------------+-----------------+------------------------------------------------------------------------------------------------------------------
    974614 | Customer#000974614 | 846505.8848 |   -372.15 | GERMANY                   | jEGNlHyBzLQIsul4y57KvyMYIUlmsU          | 17-157-740-9395 |  furiously deposits. blithely special forges eat. sile
   1076482 | Customer#001076482 | 787832.7999 |   2414.12 | JAPAN                     | vioR29aq mcEphOVLcAuv7XVVbgf1c4eucpQ    | 22-832-245-9455 | y fluffily even excuses. fluffily final instructions are blithely carefully i
   1016872 | Customer#001016872 | 766364.9014 |   8366.35 | MOROCCO                   | akbJmqUotTobbQInBnaCMGnWj9Oy8c5m        | 25-832-990-6352 | aters maintain before the pending, regular requests. regular decoys about the silent, final frets promise slyly
    555961 | Customer#000555961 | 762070.7143 |    276.28 | CHINA                     | xXZNc4l4LwldR0KYyAr78dXwt               | 28-739-685-8697 | nic courts. bold accounts should integrate 
    327232 | Customer#000327232 | 761492.9522 |   2344.69 | ARGENTINA                 | p44OLLuqMMMJZwClgDU5                    | 11-676-188-2421 | s grow blithely. packages serv
    305182 | Customer#000305182 | 754104.1795 |   6559.29 | INDIA                     | BBa5UZRszWn7AKqBsJW4G2jywFExReMK        | 18-602-379-1505 | he unusual, even deposits. even instructions after the 
    514298 | Customer#000514298 | 743218.9789 |   7745.16 | KENYA                     | BZtOPUiu5Tdz                            | 24-589-151-9980 |  furiously above the even foxes. regular accounts against the blithely ironic deposits are unusual packages. bli
    304753 | Customer#000304753 | 739574.7719 |    235.56 | FRANCE                    | evuTnf3neLvPf7b69sbsTUkb0UqBuu          | 16-190-264-8587 | de of the silent asymptotes wake blith
   1048297 | Customer#001048297 | 737847.7088 |   -103.28 | ALGERIA                   | VhXznp31GvCkuxpQ                        | 10-494-955-9277 | thely pending requests after the instructions us
    517225 | Customer#000517225 | 736198.0675 |   6519.01 | ARGENTINA                 | STYfw5Kr51Z8BRUb5YpLJGoSKDoZNUFzPs      | 11-200-962-3568 | ual accounts affix theodolites: furiously ironic accounts are. evenly fina
    753253 | Customer#000753253 | 731400.4902 |   -958.03 | IRAN                      | sxq0d9k,PCVl1vcn5sp                     | 20-950-588-8556 | ly even ideas. carefully final pinto beans wake car
    347569 | Customer#000347569 | 728138.5761 |   3081.12 | BRAZIL                    | JhOFWRVK, x351xgcrmyD                   | 12-736-481-1128 | ccounts above the furiously regular pinto beans haggle slyly
    758191 | Customer#000758191 | 727539.9691 |    227.42 | BRAZIL                    | Bb4YM38ZkrjYK6wR37sc8L02FPntjRw1m6LAm   | 12-290-974-4176 |  packages are fluffily slyly ironic 
   1091348 | Customer#001091348 | 727409.1698 |   9209.18 | KENYA                     | F8ZMVU2jPonRqQdOCQt76e HH4y             | 24-477-923-3075 | . slyly regular deposits are slyly bold packages. packages above the carefully unusual waters are acco
    842824 | Customer#000842824 | 721662.6899 |   4184.68 | ETHIOPIA                  | U921jtWMsPGxMWM                         | 15-394-169-1098 | unts. thin, unusual depths are finally. excuses near the silent instructions are quickly pending requests
     39364 | Customer#000039364 | 712960.5287 |   2504.85 | JORDAN                    | MNDAthrFW6ios2ujpGFjDMZEHInp 4cIr       | 23-526-818-9821 | epths. even deposits affix carefully against the bold, regular theodolites. car
   1100743 | Customer#001100743 | 708504.0852 |   4399.00 | INDONESIA                 | uz4bBjBYoA,gjoZ5dhGvsmZNrv5OjCgt        | 19-542-321-2434 | uickly. ironic, even accounts against the ironic pains nag carefull
    309157 | Customer#000309157 | 707149.1360 |    678.20 | ARGENTINA                 | HCFmX29qi oOTeu3rTBnZt5Gzo7ZD7ITZfoAspb | 11-423-392-5805 | ic deposits wake boldly. special packages nag quickly along 
    340927 | Customer#000340927 | 703136.0101 |   5494.36 | VIETNAM                   | zBAlyvPH5jtp7YYb7GxXAiD0                | 31-186-984-1193 | . final, final accounts instead of the carefully ironic requests det
    757405 | Customer#000757405 | 696434.4911 |   -454.95 | SAUDI ARABIA              | WofZ3wKlWdN                             | 30-810-482-5402 | arefully about the furiously ironic accounts. bold, bold ideas wake. enticing accounts are
(20 rows)

Time: 27087.032 ms (00:27.087)
                                                                                                                                                                                                            QUERY PLAN                                                                                                                                                                                                            
----------------------------------------------------------------------------------------------------------------------------------------------------------------------------------------------------------------------------------------------------------------------------------------------------------------------------------------------------------------------------------------------------------------------------------
 Limit  (cost=2014679.70..2014679.75 rows=20 width=202) (actual time=21552.570..21611.433 rows=20 loops=1)
   Output: customer.c_custkey, customer.c_name, (sum((lineitem.l_extendedprice * ('1'::numeric - lineitem.l_discount)))), customer.c_acctbal, nation.n_name, customer.c_address, customer.c_phone, customer.c_comment
   Buffers: shared hit=457787 read=1038686, temp read=27371 written=27380
   ->  Sort  (cost=2014679.70..2016122.85 rows=577263 width=202) (actual time=21133.343..21133.344 rows=20 loops=1)
         Output: customer.c_custkey, customer.c_name, (sum((lineitem.l_extendedprice * ('1'::numeric - lineitem.l_discount)))), customer.c_acctbal, nation.n_name, customer.c_address, customer.c_phone, customer.c_comment
         Sort Key: (sum((lineitem.l_extendedprice * ('1'::numeric - lineitem.l_discount)))) DESC
         Sort Method: top-N heapsort  Memory: 33kB
         Buffers: shared hit=199357 read=366759, temp read=10024 written=10027
         ->  Finalize GroupAggregate  (cost=1925152.83..1999318.93 rows=577263 width=202) (actual time=20539.585..21051.525 rows=381448 loops=1)
               Output: customer.c_custkey, customer.c_name, sum((lineitem.l_extendedprice * ('1'::numeric - lineitem.l_discount))), customer.c_acctbal, nation.n_name, customer.c_address, customer.c_phone, customer.c_comment
               Group Key: customer.c_custkey, nation.n_name
               Buffers: shared hit=199357 read=366759, temp read=10024 written=10027
               ->  Gather Merge  (cost=1925152.83..1987292.63 rows=481052 width=202) (actual time=20539.575..20890.659 rows=381448 loops=1)
                     Output: customer.c_custkey, nation.n_name, customer.c_name, (PARTIAL sum((lineitem.l_extendedprice * ('1'::numeric - lineitem.l_discount)))), customer.c_acctbal, customer.c_address, customer.c_phone, customer.c_comment
                     Workers Planned: 2
                     Workers Launched: 2
                     Buffers: shared hit=457787 read=1038686, temp read=27371 written=27380
                     ->  Partial GroupAggregate  (cost=1924152.80..1930767.27 rows=240526 width=202) (actual time=20507.244..20713.150 rows=127149 loops=3)
                           Output: customer.c_custkey, nation.n_name, customer.c_name, PARTIAL sum((lineitem.l_extendedprice * ('1'::numeric - lineitem.l_discount))), customer.c_acctbal, customer.c_address, customer.c_phone, customer.c_comment
                           Group Key: customer.c_custkey, nation.n_name
                           Buffers: shared hit=457787 read=1038686, temp read=27371 written=27380
                           Worker 0: actual time=20492.998..20689.467 rows=122009 loops=1
                             Buffers: shared hit=129153 read=336303, temp read=8768 written=8771
                           Worker 1: actual time=20489.511..20682.805 rows=119570 loops=1
                             Buffers: shared hit=129277 read=335624, temp read=8579 written=8582
                           ->  Sort  (cost=1924152.80..1924754.12 rows=240526 width=182) (actual time=20507.203..20558.654 rows=382471 loops=3)
                                 Output: customer.c_custkey, nation.n_name, customer.c_name, lineitem.l_extendedprice, lineitem.l_discount, customer.c_acctbal, customer.c_address, customer.c_phone, customer.c_comment
                                 Sort Key: customer.c_custkey, nation.n_name
                                 Sort Method: external merge  Disk: 80192kB
                                 Worker 0:  Sort Method: external merge  Disk: 70144kB
                                 Worker 1:  Sort Method: external merge  Disk: 68632kB
                                 Buffers: shared hit=457787 read=1038686, temp read=27371 written=27380
                                 Worker 0: actual time=20492.955..20540.710 rows=367628 loops=1
                                   Buffers: shared hit=129153 read=336303, temp read=8768 written=8771
                                 Worker 1: actual time=20489.456..20537.827 rows=359595 loops=1
                                   Buffers: shared hit=129277 read=335624, temp read=8579 written=8582
                                 ->  Hash Join  (cost=1837265.96..1890133.39 rows=240526 width=182) (actual time=20069.587..20326.137 rows=382471 loops=3)
                                       Output: customer.c_custkey, nation.n_name, customer.c_name, lineitem.l_extendedprice, lineitem.l_discount, customer.c_acctbal, customer.c_address, customer.c_phone, customer.c_comment
                                       Inner Unique: true
                                       Hash Cond: (customer.c_nationkey = nation.n_nationkey)
                                       Buffers: shared hit=457759 read=1038686
                                       Worker 0: actual time=20059.519..20313.171 rows=367628 loops=1
                                         Buffers: shared hit=129139 read=336303
                                       Worker 1: actual time=20059.522..20311.496 rows=359595 loops=1
                                         Buffers: shared hit=129263 read=335624
                                       ->  Parallel Hash Join  (cost=1837264.40..1889393.41 rows=240526 width=164) (actual time=19804.552..20021.464 rows=382471 loops=3)
                                             Output: customer.c_custkey, customer.c_name, customer.c_acctbal, customer.c_address, customer.c_phone, customer.c_comment, customer.c_nationkey, lineitem.l_extendedprice, lineitem.l_discount
                                             Hash Cond: (customer.c_custkey = orders.o_custkey)
                                             Buffers: shared hit=457728 read=1038686
                                             Worker 0: actual time=19661.989..19877.537 rows=367628 loops=1
                                               Buffers: shared hit=129124 read=336303
                                             Worker 1: actual time=19661.990..19876.491 rows=359595 loops=1
                                               Buffers: shared hit=129248 read=335624
                                             ->  Parallel Seq Scan on public.customer  (cost=0.00..43314.70 rows=624970 width=152) (actual time=0.007..65.187 rows=500000 loops=3)
                                                   Output: customer.c_custkey, customer.c_name, customer.c_address, customer.c_nationkey, customer.c_phone, customer.c_acctbal, customer.c_mktsegment, customer.c_comment
                                                   Buffers: shared hit=37065
                                                   Worker 0: actual time=0.008..70.183 rows=480315 loops=1
                                                     Buffers: shared hit=11862
                                                   Worker 1: actual time=0.006..69.198 rows=470230 loops=1
                                                     Buffers: shared hit=11622
                                             ->  Parallel Hash  (cost=1834257.82..1834257.82 rows=240526 width=20) (actual time=19803.044..19803.044 rows=382471 loops=3)
                                                   Output: orders.o_custkey, lineitem.l_extendedprice, lineitem.l_discount
                                                   Buckets: 2097152 (originally 1048576)  Batches: 1 (originally 1)  Memory Usage: 87488kB
                                                   Buffers: shared hit=420647 read=1038686
                                                   Worker 0: actual time=19661.919..19661.919 rows=385428 loops=1
                                                     Buffers: shared hit=117254 read=336303
                                                   Worker 1: actual time=19661.889..19661.889 rows=383473 loops=1
                                                     Buffers: shared hit=117618 read=335624
                                                   ->  Parallel Hash Join  (cost=290575.37..1834257.82 rows=240526 width=20) (actual time=332.695..19661.978 rows=382471 loops=3)
                                                         Output: orders.o_custkey, lineitem.l_extendedprice, lineitem.l_discount
                                                         Inner Unique: true
                                                         Hash Cond: (lineitem.l_orderkey = orders.o_orderkey)
                                                         Buffers: shared hit=420647 read=1038686
                                                         Worker 0: actual time=191.546..19513.656 rows=385428 loops=1
                                                           Buffers: shared hit=117254 read=336303
                                                         Worker 1: actual time=191.531..19519.693 rows=383473 loops=1
                                                           Buffers: shared hit=117618 read=335624
                                                         ->  Parallel Seq Scan on public.lineitem  (cost=0.00..1527367.40 rows=6215260 width=20) (actual time=0.040..18548.578 rows=4936061 loops=3)
                                                               Output: lineitem.l_orderkey, lineitem.l_partkey, lineitem.l_suppkey, lineitem.l_linenumber, lineitem.l_quantity, lineitem.l_extendedprice, lineitem.l_discount, lineitem.l_tax, lineitem.l_returnflag, lineitem.l_linestatus, lineitem.l_shipdate, lineitem.l_commitdate, lineitem.l_receiptdate, lineitem.l_shipinstruct, lineitem.l_shipmode, lineitem.l_comment
                                                               Filter: (lineitem.l_returnflag = 'R'::bpchar)
                                                               Rows Removed by Filter: 15059290
                                                               Buffers: shared hit=211724 read=1003256
                                                               Worker 0: actual time=0.049..18540.149 rows=4965277 loops=1
                                                                 Buffers: shared hit=70885 read=336303
                                                               Worker 1: actual time=0.047..18545.572 rows=4951702 loops=1
                                                                 Buffers: shared hit=70778 read=335624
                                                         ->  Parallel Hash  (cost=287551.92..287551.92 rows=241876 width=12) (actual time=331.340..331.340 rows=191181 loops=3)
                                                               Output: orders.o_custkey, orders.o_orderkey
                                                               Buckets: 1048576  Batches: 1  Memory Usage: 35136kB
                                                               Buffers: shared hit=208923 read=35430
                                                               Worker 0: actual time=191.448..191.449 rows=109508 loops=1
                                                                 Buffers: shared hit=46369
                                                               Worker 1: actual time=191.439..191.439 rows=110451 loops=1
                                                                 Buffers: shared hit=46840
                                                               ->  Parallel Bitmap Heap Scan on public.orders  (cost=7701.78..287551.92 rows=241876 width=12) (actual time=51.996..293.448 rows=191181 loops=3)
                                                                     Output: orders.o_custkey, orders.o_orderkey
                                                                     Recheck Cond: ((orders.o_orderdate >= '1993-05-01'::date) AND (orders.o_orderdate < '1993-08-01 00:00:00'::timestamp without time zone))
                                                                     Heap Blocks: exact=149574
                                                                     Buffers: shared hit=208923 read=35430
                                                                     Worker 0: actual time=0.040..167.805 rows=109508 loops=1
                                                                       Buffers: shared hit=46369
                                                                     Worker 1: actual time=0.041..167.243 rows=110451 loops=1
                                                                       Buffers: shared hit=46840
                                                                     ->  Bitmap Index Scan on idx_orders_orderdate  (cost=0.00..7556.66 rows=580502 width=0) (actual time=103.221..103.221 rows=573544 loops=1)
                                                                           Index Cond: ((orders.o_orderdate >= '1993-05-01'::date) AND (orders.o_orderdate < '1993-08-01 00:00:00'::timestamp without time zone))
                                                                           Buffers: shared read=1570
                                       ->  Hash  (cost=1.25..1.25 rows=25 width=30) (actual time=265.010..265.010 rows=25 loops=3)
                                             Output: nation.n_name, nation.n_nationkey
                                             Buckets: 1024  Batches: 1  Memory Usage: 10kB
                                             Buffers: shared hit=3
                                             Worker 0: actual time=397.499..397.500 rows=25 loops=1
                                               Buffers: shared hit=1
                                             Worker 1: actual time=397.497..397.497 rows=25 loops=1
                                               Buffers: shared hit=1
                                             ->  Seq Scan on public.nation  (cost=0.00..1.25 rows=25 width=30) (actual time=264.995..264.998 rows=25 loops=3)
                                                   Output: nation.n_name, nation.n_nationkey
                                                   Buffers: shared hit=3
                                                   Worker 0: actual time=397.481..397.485 rows=25 loops=1
                                                     Buffers: shared hit=1
                                                   Worker 1: actual time=397.479..397.482 rows=25 loops=1
                                                     Buffers: shared hit=1
 Planning Time: 2.302 ms
 JIT:
   Functions: 143
   Options: Inlining true, Optimization true, Expressions true, Deforming true
   Timing: Generation 11.943 ms, Inlining 81.750 ms, Optimization 705.213 ms, Emission 426.158 ms, Total 1225.065 ms
 Execution Time: 21627.294 ms
(127 rows)

Time: 21636.388 ms (00:21.636)
 c_custkey |       c_name       |   revenue   | c_acctbal |          n_name           |                c_address                |     c_phone     |                                                    c_comment                                                     
-----------+--------------------+-------------+-----------+---------------------------+-----------------------------------------+-----------------+------------------------------------------------------------------------------------------------------------------
    974614 | Customer#000974614 | 846505.8848 |   -372.15 | GERMANY                   | jEGNlHyBzLQIsul4y57KvyMYIUlmsU          | 17-157-740-9395 |  furiously deposits. blithely special forges eat. sile
   1076482 | Customer#001076482 | 787832.7999 |   2414.12 | JAPAN                     | vioR29aq mcEphOVLcAuv7XVVbgf1c4eucpQ    | 22-832-245-9455 | y fluffily even excuses. fluffily final instructions are blithely carefully i
   1016872 | Customer#001016872 | 766364.9014 |   8366.35 | MOROCCO                   | akbJmqUotTobbQInBnaCMGnWj9Oy8c5m        | 25-832-990-6352 | aters maintain before the pending, regular requests. regular decoys about the silent, final frets promise slyly
    555961 | Customer#000555961 | 762070.7143 |    276.28 | CHINA                     | xXZNc4l4LwldR0KYyAr78dXwt               | 28-739-685-8697 | nic courts. bold accounts should integrate 
    327232 | Customer#000327232 | 761492.9522 |   2344.69 | ARGENTINA                 | p44OLLuqMMMJZwClgDU5                    | 11-676-188-2421 | s grow blithely. packages serv
    305182 | Customer#000305182 | 754104.1795 |   6559.29 | INDIA                     | BBa5UZRszWn7AKqBsJW4G2jywFExReMK        | 18-602-379-1505 | he unusual, even deposits. even instructions after the 
    514298 | Customer#000514298 | 743218.9789 |   7745.16 | KENYA                     | BZtOPUiu5Tdz                            | 24-589-151-9980 |  furiously above the even foxes. regular accounts against the blithely ironic deposits are unusual packages. bli
    304753 | Customer#000304753 | 739574.7719 |    235.56 | FRANCE                    | evuTnf3neLvPf7b69sbsTUkb0UqBuu          | 16-190-264-8587 | de of the silent asymptotes wake blith
   1048297 | Customer#001048297 | 737847.7088 |   -103.28 | ALGERIA                   | VhXznp31GvCkuxpQ                        | 10-494-955-9277 | thely pending requests after the instructions us
    517225 | Customer#000517225 | 736198.0675 |   6519.01 | ARGENTINA                 | STYfw5Kr51Z8BRUb5YpLJGoSKDoZNUFzPs      | 11-200-962-3568 | ual accounts affix theodolites: furiously ironic accounts are. evenly fina
    753253 | Customer#000753253 | 731400.4902 |   -958.03 | IRAN                      | sxq0d9k,PCVl1vcn5sp                     | 20-950-588-8556 | ly even ideas. carefully final pinto beans wake car
    347569 | Customer#000347569 | 728138.5761 |   3081.12 | BRAZIL                    | JhOFWRVK, x351xgcrmyD                   | 12-736-481-1128 | ccounts above the furiously regular pinto beans haggle slyly
    758191 | Customer#000758191 | 727539.9691 |    227.42 | BRAZIL                    | Bb4YM38ZkrjYK6wR37sc8L02FPntjRw1m6LAm   | 12-290-974-4176 |  packages are fluffily slyly ironic 
   1091348 | Customer#001091348 | 727409.1698 |   9209.18 | KENYA                     | F8ZMVU2jPonRqQdOCQt76e HH4y             | 24-477-923-3075 | . slyly regular deposits are slyly bold packages. packages above the carefully unusual waters are acco
    842824 | Customer#000842824 | 721662.6899 |   4184.68 | ETHIOPIA                  | U921jtWMsPGxMWM                         | 15-394-169-1098 | unts. thin, unusual depths are finally. excuses near the silent instructions are quickly pending requests
     39364 | Customer#000039364 | 712960.5287 |   2504.85 | JORDAN                    | MNDAthrFW6ios2ujpGFjDMZEHInp 4cIr       | 23-526-818-9821 | epths. even deposits affix carefully against the bold, regular theodolites. car
   1100743 | Customer#001100743 | 708504.0852 |   4399.00 | INDONESIA                 | uz4bBjBYoA,gjoZ5dhGvsmZNrv5OjCgt        | 19-542-321-2434 | uickly. ironic, even accounts against the ironic pains nag carefull
    309157 | Customer#000309157 | 707149.1360 |    678.20 | ARGENTINA                 | HCFmX29qi oOTeu3rTBnZt5Gzo7ZD7ITZfoAspb | 11-423-392-5805 | ic deposits wake boldly. special packages nag quickly along 
    340927 | Customer#000340927 | 703136.0101 |   5494.36 | VIETNAM                   | zBAlyvPH5jtp7YYb7GxXAiD0                | 31-186-984-1193 | . final, final accounts instead of the carefully ironic requests det
    757405 | Customer#000757405 | 696434.4911 |   -454.95 | SAUDI ARABIA              | WofZ3wKlWdN                             | 30-810-482-5402 | arefully about the furiously ironic accounts. bold, bold ideas wake. enticing accounts are
(20 rows)

Time: 4885.810 ms (00:04.886)
