Timing is on.
    revenue     
----------------
 447966480.1401
(1 row)

Time: 10184.922 ms (00:10.185)
                                                                                                                              QUERY PLAN                                                                                                                              
----------------------------------------------------------------------------------------------------------------------------------------------------------------------------------------------------------------------------------------------------------------------
 Limit  (cost=1158284.40..1158284.41 rows=1 width=32) (actual time=3397.036..3397.037 rows=1 loops=1)
   Output: (sum((l_extendedprice * l_discount)))
   Buffers: shared hit=622705 read=606566
   ->  Aggregate  (cost=1158284.40..1158284.41 rows=1 width=32) (actual time=3331.304..3331.304 rows=1 loops=1)
         Output: sum((l_extendedprice * l_discount))
         Buffers: shared hit=622705 read=606566
         ->  Index Scan using idx_lineitem_shipdate on public.lineitem  (cost=0.56..1152322.00 rows=1192478 width=12) (actual time=0.042..3110.517 rows=1194433 loops=1)
               Output: l_orderkey, l_partkey, l_suppkey, l_linenumber, l_quantity, l_extendedprice, l_discount, l_tax, l_returnflag, l_linestatus, l_shipdate, l_commitdate, l_receiptdate, l_shipinstruct, l_shipmode, l_comment
               Index Cond: ((lineitem.l_shipdate >= '1993-01-01'::date) AND (lineitem.l_shipdate < '1994-01-01 00:00:00'::timestamp without time zone) AND (lineitem.l_discount >= 0.01) AND (lineitem.l_discount <= 0.03) AND (lineitem.l_quantity < '25'::numeric))
               Buffers: shared hit=622705 read=606566
 Planning Time: 0.075 ms
 JIT:
   Functions: 6
   Options: Inlining true, Optimization true, Expressions true, Deforming true
   Timing: Generation 0.828 ms, Inlining 4.435 ms, Optimization 38.220 ms, Emission 22.972 ms, Total 66.454 ms
 Execution Time: 3397.913 ms
(16 rows)

Time: 3399.635 ms (00:03.400)
    revenue     
----------------
 447966480.1401
(1 row)

Time: 3257.668 ms (00:03.258)
