Timing is on.
 c_custkey |       c_name       |   revenue   | c_acctbal |          n_name           |                c_address                |     c_phone     |                                                    c_comment                                                     
-----------+--------------------+-------------+-----------+---------------------------+-----------------------------------------+-----------------+------------------------------------------------------------------------------------------------------------------
    974614 | Customer#000974614 | 846505.8848 |   -372.15 | GERMANY                   | jEGNlHyBzLQIsul4y57KvyMYIUlmsU          | 17-157-740-9395 |  furiously deposits. blithely special forges eat. sile
   1076482 | Customer#001076482 | 787832.7999 |   2414.12 | JAPAN                     | vioR29aq mcEphOVLcAuv7XVVbgf1c4eucpQ    | 22-832-245-9455 | y fluffily even excuses. fluffily final instructions are blithely carefully i
   1016872 | Customer#001016872 | 766364.9014 |   8366.35 | MOROCCO                   | akbJmqUotTobbQInBnaCMGnWj9Oy8c5m        | 25-832-990-6352 | aters maintain before the pending, regular requests. regular decoys about the silent, final frets promise slyly
    555961 | Customer#000555961 | 762070.7143 |    276.28 | CHINA                     | xXZNc4l4LwldR0KYyAr78dXwt               | 28-739-685-8697 | nic courts. bold accounts should integrate 
    327232 | Customer#000327232 | 761492.9522 |   2344.69 | ARGENTINA                 | p44OLLuqMMMJZwClgDU5                    | 11-676-188-2421 | s grow blithely. packages serv
    305182 | Customer#000305182 | 754104.1795 |   6559.29 | INDIA                     | BBa5UZRszWn7AKqBsJW4G2jywFExReMK        | 18-602-379-1505 | he unusual, even deposits. even instructions after the 
    514298 | Customer#000514298 | 743218.9789 |   7745.16 | KENYA                     | BZtOPUiu5Tdz                            | 24-589-151-9980 |  furiously above the even foxes. regular accounts against the blithely ironic deposits are unusual packages. bli
    304753 | Customer#000304753 | 739574.7719 |    235.56 | FRANCE                    | evuTnf3neLvPf7b69sbsTUkb0UqBuu          | 16-190-264-8587 | de of the silent asymptotes wake blith
   1048297 | Customer#001048297 | 737847.7088 |   -103.28 | ALGERIA                   | VhXznp31GvCkuxpQ                        | 10-494-955-9277 | thely pending requests after the instructions us
    517225 | Customer#000517225 | 736198.0675 |   6519.01 | ARGENTINA                 | STYfw5Kr51Z8BRUb5YpLJGoSKDoZNUFzPs      | 11-200-962-3568 | ual accounts affix theodolites: furiously ironic accounts are. evenly fina
    753253 | Customer#000753253 | 731400.4902 |   -958.03 | IRAN                      | sxq0d9k,PCVl1vcn5sp                     | 20-950-588-8556 | ly even ideas. carefully final pinto beans wake car
    347569 | Customer#000347569 | 728138.5761 |   3081.12 | BRAZIL                    | JhOFWRVK, x351xgcrmyD                   | 12-736-481-1128 | ccounts above the furiously regular pinto beans haggle slyly
    758191 | Customer#000758191 | 727539.9691 |    227.42 | BRAZIL                    | Bb4YM38ZkrjYK6wR37sc8L02FPntjRw1m6LAm   | 12-290-974-4176 |  packages are fluffily slyly ironic 
   1091348 | Customer#001091348 | 727409.1698 |   9209.18 | KENYA                     | F8ZMVU2jPonRqQdOCQt76e HH4y             | 24-477-923-3075 | . slyly regular deposits are slyly bold packages. packages above the carefully unusual waters are acco
    842824 | Customer#000842824 | 721662.6899 |   4184.68 | ETHIOPIA                  | U921jtWMsPGxMWM                         | 15-394-169-1098 | unts. thin, unusual depths are finally. excuses near the silent instructions are quickly pending requests
     39364 | Customer#000039364 | 712960.5287 |   2504.85 | JORDAN                    | MNDAthrFW6ios2ujpGFjDMZEHInp 4cIr       | 23-526-818-9821 | epths. even deposits affix carefully against the bold, regular theodolites. car
   1100743 | Customer#001100743 | 708504.0852 |   4399.00 | INDONESIA                 | uz4bBjBYoA,gjoZ5dhGvsmZNrv5OjCgt        | 19-542-321-2434 | uickly. ironic, even accounts against the ironic pains nag carefull
    309157 | Customer#000309157 | 707149.1360 |    678.20 | ARGENTINA                 | HCFmX29qi oOTeu3rTBnZt5Gzo7ZD7ITZfoAspb | 11-423-392-5805 | ic deposits wake boldly. special packages nag quickly along 
    340927 | Customer#000340927 | 703136.0101 |   5494.36 | VIETNAM                   | zBAlyvPH5jtp7YYb7GxXAiD0                | 31-186-984-1193 | . final, final accounts instead of the carefully ironic requests det
    757405 | Customer#000757405 | 696434.4911 |   -454.95 | SAUDI ARABIA              | WofZ3wKlWdN                             | 30-810-482-5402 | arefully about the furiously ironic accounts. bold, bold ideas wake. enticing accounts are
(20 rows)

Time: 24142.572 ms (00:24.143)
                                                                                                                                                                                                            QUERY PLAN                                                                                                                                                                                                            
----------------------------------------------------------------------------------------------------------------------------------------------------------------------------------------------------------------------------------------------------------------------------------------------------------------------------------------------------------------------------------------------------------------------------------
 Limit  (cost=2005977.77..2005977.82 rows=20 width=201) (actual time=20279.501..20345.505 rows=20 loops=1)
   Output: customer.c_custkey, customer.c_name, (sum((lineitem.l_extendedprice * ('1'::numeric - lineitem.l_discount)))), customer.c_acctbal, nation.n_name, customer.c_address, customer.c_phone, customer.c_comment
   Buffers: shared hit=457797 read=1038688, temp read=27372 written=27381
   ->  Sort  (cost=2005977.77..2007342.10 rows=545733 width=201) (actual time=20279.500..20279.501 rows=20 loops=1)
         Output: customer.c_custkey, customer.c_name, (sum((lineitem.l_extendedprice * ('1'::numeric - lineitem.l_discount)))), customer.c_acctbal, nation.n_name, customer.c_address, customer.c_phone, customer.c_comment
         Sort Key: (sum((lineitem.l_extendedprice * ('1'::numeric - lineitem.l_discount)))) DESC
         Sort Method: top-N heapsort  Memory: 33kB
         Buffers: shared hit=168350 read=350753, temp read=9665 written=9668
         ->  Finalize GroupAggregate  (cost=1921340.70..1991456.01 rows=545733 width=201) (actual time=19664.930..20197.176 rows=381448 loops=1)
               Output: customer.c_custkey, customer.c_name, sum((lineitem.l_extendedprice * ('1'::numeric - lineitem.l_discount))), customer.c_acctbal, nation.n_name, customer.c_address, customer.c_phone, customer.c_comment
               Group Key: customer.c_custkey, nation.n_name
               Buffers: shared hit=168350 read=350753, temp read=9665 written=9668
               ->  Gather Merge  (cost=1921340.70..1980086.57 rows=454778 width=201) (actual time=19664.919..20028.801 rows=381448 loops=1)
                     Output: customer.c_custkey, nation.n_name, customer.c_name, (PARTIAL sum((lineitem.l_extendedprice * ('1'::numeric - lineitem.l_discount)))), customer.c_acctbal, customer.c_address, customer.c_phone, customer.c_comment
                     Workers Planned: 2
                     Workers Launched: 2
                     Buffers: shared hit=457797 read=1038688, temp read=27372 written=27381
                     ->  Partial GroupAggregate  (cost=1920340.68..1926593.88 rows=227389 width=201) (actual time=19657.146..19878.236 rows=127149 loops=3)
                           Output: customer.c_custkey, nation.n_name, customer.c_name, PARTIAL sum((lineitem.l_extendedprice * ('1'::numeric - lineitem.l_discount))), customer.c_acctbal, customer.c_address, customer.c_phone, customer.c_comment
                           Group Key: customer.c_custkey, nation.n_name
                           Buffers: shared hit=457797 read=1038688, temp read=27372 written=27381
                           Worker 0: actual time=19654.844..19868.927 rows=124040 loops=1
                             Buffers: shared hit=145192 read=344616, temp read=8898 written=8901
                           Worker 1: actual time=19651.997..19864.540 rows=122686 loops=1
                             Buffers: shared hit=144255 read=343319, temp read=8809 written=8812
                           ->  Sort  (cost=1920340.68..1920909.15 rows=227389 width=181) (actual time=19657.120..19706.240 rows=382471 loops=3)
                                 Output: customer.c_custkey, nation.n_name, customer.c_name, lineitem.l_extendedprice, lineitem.l_discount, customer.c_acctbal, customer.c_address, customer.c_phone, customer.c_comment
                                 Sort Key: customer.c_custkey, nation.n_name
                                 Sort Method: external merge  Disk: 77320kB
                                 Worker 0:  Sort Method: external merge  Disk: 71184kB
                                 Worker 1:  Sort Method: external merge  Disk: 70472kB
                                 Buffers: shared hit=457797 read=1038688, temp read=27372 written=27381
                                 Worker 0: actual time=19654.817..19701.390 rows=372951 loops=1
                                   Buffers: shared hit=145192 read=344616, temp read=8898 written=8901
                                 Worker 1: actual time=19651.958..19698.667 rows=369312 loops=1
                                   Buffers: shared hit=144255 read=343319, temp read=8809 written=8812
                                 ->  Hash Join  (cost=1836281.35..1888272.27 rows=227389 width=181) (actual time=19176.247..19471.530 rows=382471 loops=3)
                                       Output: customer.c_custkey, nation.n_name, customer.c_name, lineitem.l_extendedprice, lineitem.l_discount, customer.c_acctbal, customer.c_address, customer.c_phone, customer.c_comment
                                       Inner Unique: true
                                       Hash Cond: (customer.c_nationkey = nation.n_nationkey)
                                       Buffers: shared hit=457769 read=1038688
                                       Worker 0: actual time=19174.260..19467.294 rows=372951 loops=1
                                         Buffers: shared hit=145178 read=344616
                                       Worker 1: actual time=19174.276..19464.824 rows=369312 loops=1
                                         Buffers: shared hit=144241 read=343319
                                       ->  Parallel Hash Join  (cost=1836279.79..1887572.62 rows=227389 width=163) (actual time=19176.191..19419.945 rows=382471 loops=3)
                                             Output: customer.c_custkey, customer.c_name, customer.c_acctbal, customer.c_address, customer.c_phone, customer.c_comment, customer.c_nationkey, lineitem.l_extendedprice, lineitem.l_discount
                                             Hash Cond: (customer.c_custkey = orders.o_custkey)
                                             Buffers: shared hit=457732 read=1038688
                                             Worker 0: actual time=19174.188..19416.973 rows=372951 loops=1
                                               Buffers: shared hit=145160 read=344616
                                             Worker 1: actual time=19174.201..19414.935 rows=369312 loops=1
                                               Buffers: shared hit=144223 read=343319
                                             ->  Parallel Seq Scan on public.customer  (cost=0.00..43314.59 rows=624959 width=151) (actual time=0.014..69.160 rows=500000 loops=3)
                                                   Output: customer.c_custkey, customer.c_name, customer.c_address, customer.c_nationkey, customer.c_phone, customer.c_acctbal, customer.c_mktsegment, customer.c_comment
                                                   Buffers: shared hit=37065
                                                   Worker 0: actual time=0.017..73.896 rows=487391 loops=1
                                                     Buffers: shared hit=12042
                                                   Worker 1: actual time=0.017..72.743 rows=482872 loops=1
                                                     Buffers: shared hit=11930
                                             ->  Parallel Hash  (cost=1833437.42..1833437.42 rows=227389 width=20) (actual time=19174.785..19174.785 rows=382471 loops=3)
                                                   Output: orders.o_custkey, lineitem.l_extendedprice, lineitem.l_discount
                                                   Buckets: 2097152 (originally 1048576)  Batches: 1 (originally 1)  Memory Usage: 87488kB
                                                   Buffers: shared hit=420645 read=1038688
                                                   Worker 0: actual time=19174.008..19174.008 rows=383336 loops=1
                                                     Buffers: shared hit=133107 read=344616
                                                   Worker 1: actual time=19174.022..19174.022 rows=380448 loops=1
                                                     Buffers: shared hit=132282 read=343319
                                                   ->  Parallel Hash Join  (cost=290120.98..1833437.42 rows=227389 width=20) (actual time=470.210..18988.054 rows=382471 loops=3)
                                                         Output: orders.o_custkey, lineitem.l_extendedprice, lineitem.l_discount
                                                         Inner Unique: true
                                                         Hash Cond: (lineitem.l_orderkey = orders.o_orderkey)
                                                         Buffers: shared hit=420645 read=1038688
                                                         Worker 0: actual time=469.758..19007.996 rows=383336 loops=1
                                                           Buffers: shared hit=133107 read=344616
                                                         Worker 1: actual time=469.292..18974.517 rows=380448 loops=1
                                                           Buffers: shared hit=132282 read=343319
                                                         ->  Parallel Seq Scan on public.lineitem  (cost=0.00..1527387.42 rows=6068202 width=20) (actual time=0.114..17576.745 rows=4936061 loops=3)
                                                               Output: lineitem.l_orderkey, lineitem.l_partkey, lineitem.l_suppkey, lineitem.l_linenumber, lineitem.l_quantity, lineitem.l_extendedprice, lineitem.l_discount, lineitem.l_tax, lineitem.l_returnflag, lineitem.l_linestatus, lineitem.l_shipdate, lineitem.l_commitdate, lineitem.l_receiptdate, lineitem.l_shipinstruct, lineitem.l_shipmode, lineitem.l_comment
                                                               Filter: (lineitem.l_returnflag = 'R'::bpchar)
                                                               Rows Removed by Filter: 15059290
                                                               Buffers: shared hit=211728 read=1003252
                                                               Worker 0: actual time=0.304..17596.061 rows=4948180 loops=1
                                                                 Buffers: shared hit=70872 read=334806
                                                               Worker 1: actual time=0.028..17566.818 rows=4915443 loops=1
                                                                 Buffers: shared hit=70070 read=333538
                                                         ->  Parallel Hash  (cost=287193.35..287193.35 rows=234210 width=12) (actual time=468.753..468.753 rows=191181 loops=3)
                                                               Output: orders.o_custkey, orders.o_orderkey
                                                               Buckets: 1048576  Batches: 1  Memory Usage: 35168kB
                                                               Buffers: shared hit=208917 read=35436
                                                               Worker 0: actual time=469.237..469.237 rows=169993 loops=1
                                                                 Buffers: shared hit=62235 read=9810
                                                               Worker 1: actual time=469.229..469.229 rows=170058 loops=1
                                                                 Buffers: shared hit=62212 read=9781
                                                               ->  Parallel Bitmap Heap Scan on public.orders  (cost=7458.20..287193.35 rows=234210 width=12) (actual time=138.853..428.629 rows=191181 loops=3)
                                                                     Output: orders.o_custkey, orders.o_orderkey
                                                                     Recheck Cond: ((orders.o_orderdate >= '1993-05-01'::date) AND (orders.o_orderdate < '1993-08-01 00:00:00'::timestamp without time zone))
                                                                     Heap Blocks: exact=98745
                                                                     Buffers: shared hit=208917 read=35436
                                                                     Worker 0: actual time=138.871..430.897 rows=169993 loops=1
                                                                       Buffers: shared hit=62235 read=9810
                                                                     Worker 1: actual time=138.875..431.068 rows=170058 loops=1
                                                                       Buffers: shared hit=62212 read=9781
                                                                     ->  Bitmap Index Scan on idx_orders_orderdate  (cost=0.00..7317.68 rows=562104 width=0) (actual time=90.676..90.676 rows=573544 loops=1)
                                                                           Index Cond: ((orders.o_orderdate >= '1993-05-01'::date) AND (orders.o_orderdate < '1993-08-01 00:00:00'::timestamp without time zone))
                                                                           Buffers: shared read=1570
                                       ->  Hash  (cost=1.25..1.25 rows=25 width=30) (actual time=0.021..0.022 rows=25 loops=3)
                                             Output: nation.n_name, nation.n_nationkey
                                             Buckets: 1024  Batches: 1  Memory Usage: 10kB
                                             Buffers: shared hit=3
                                             Worker 0: actual time=0.026..0.026 rows=25 loops=1
                                               Buffers: shared hit=1
                                             Worker 1: actual time=0.025..0.025 rows=25 loops=1
                                               Buffers: shared hit=1
                                             ->  Seq Scan on public.nation  (cost=0.00..1.25 rows=25 width=30) (actual time=0.011..0.014 rows=25 loops=3)
                                                   Output: nation.n_name, nation.n_nationkey
                                                   Buffers: shared hit=3
                                                   Worker 0: actual time=0.016..0.018 rows=25 loops=1
                                                     Buffers: shared hit=1
                                                   Worker 1: actual time=0.015..0.018 rows=25 loops=1
                                                     Buffers: shared hit=1
 Planning Time: 1.997 ms
 Execution Time: 20358.528 ms
(123 rows)

Time: 20366.856 ms (00:20.367)
 c_custkey |       c_name       |   revenue   | c_acctbal |          n_name           |                c_address                |     c_phone     |                                                    c_comment                                                     
-----------+--------------------+-------------+-----------+---------------------------+-----------------------------------------+-----------------+------------------------------------------------------------------------------------------------------------------
    974614 | Customer#000974614 | 846505.8848 |   -372.15 | GERMANY                   | jEGNlHyBzLQIsul4y57KvyMYIUlmsU          | 17-157-740-9395 |  furiously deposits. blithely special forges eat. sile
   1076482 | Customer#001076482 | 787832.7999 |   2414.12 | JAPAN                     | vioR29aq mcEphOVLcAuv7XVVbgf1c4eucpQ    | 22-832-245-9455 | y fluffily even excuses. fluffily final instructions are blithely carefully i
   1016872 | Customer#001016872 | 766364.9014 |   8366.35 | MOROCCO                   | akbJmqUotTobbQInBnaCMGnWj9Oy8c5m        | 25-832-990-6352 | aters maintain before the pending, regular requests. regular decoys about the silent, final frets promise slyly
    555961 | Customer#000555961 | 762070.7143 |    276.28 | CHINA                     | xXZNc4l4LwldR0KYyAr78dXwt               | 28-739-685-8697 | nic courts. bold accounts should integrate 
    327232 | Customer#000327232 | 761492.9522 |   2344.69 | ARGENTINA                 | p44OLLuqMMMJZwClgDU5                    | 11-676-188-2421 | s grow blithely. packages serv
    305182 | Customer#000305182 | 754104.1795 |   6559.29 | INDIA                     | BBa5UZRszWn7AKqBsJW4G2jywFExReMK        | 18-602-379-1505 | he unusual, even deposits. even instructions after the 
    514298 | Customer#000514298 | 743218.9789 |   7745.16 | KENYA                     | BZtOPUiu5Tdz                            | 24-589-151-9980 |  furiously above the even foxes. regular accounts against the blithely ironic deposits are unusual packages. bli
    304753 | Customer#000304753 | 739574.7719 |    235.56 | FRANCE                    | evuTnf3neLvPf7b69sbsTUkb0UqBuu          | 16-190-264-8587 | de of the silent asymptotes wake blith
   1048297 | Customer#001048297 | 737847.7088 |   -103.28 | ALGERIA                   | VhXznp31GvCkuxpQ                        | 10-494-955-9277 | thely pending requests after the instructions us
    517225 | Customer#000517225 | 736198.0675 |   6519.01 | ARGENTINA                 | STYfw5Kr51Z8BRUb5YpLJGoSKDoZNUFzPs      | 11-200-962-3568 | ual accounts affix theodolites: furiously ironic accounts are. evenly fina
    753253 | Customer#000753253 | 731400.4902 |   -958.03 | IRAN                      | sxq0d9k,PCVl1vcn5sp                     | 20-950-588-8556 | ly even ideas. carefully final pinto beans wake car
    347569 | Customer#000347569 | 728138.5761 |   3081.12 | BRAZIL                    | JhOFWRVK, x351xgcrmyD                   | 12-736-481-1128 | ccounts above the furiously regular pinto beans haggle slyly
    758191 | Customer#000758191 | 727539.9691 |    227.42 | BRAZIL                    | Bb4YM38ZkrjYK6wR37sc8L02FPntjRw1m6LAm   | 12-290-974-4176 |  packages are fluffily slyly ironic 
   1091348 | Customer#001091348 | 727409.1698 |   9209.18 | KENYA                     | F8ZMVU2jPonRqQdOCQt76e HH4y             | 24-477-923-3075 | . slyly regular deposits are slyly bold packages. packages above the carefully unusual waters are acco
    842824 | Customer#000842824 | 721662.6899 |   4184.68 | ETHIOPIA                  | U921jtWMsPGxMWM                         | 15-394-169-1098 | unts. thin, unusual depths are finally. excuses near the silent instructions are quickly pending requests
     39364 | Customer#000039364 | 712960.5287 |   2504.85 | JORDAN                    | MNDAthrFW6ios2ujpGFjDMZEHInp 4cIr       | 23-526-818-9821 | epths. even deposits affix carefully against the bold, regular theodolites. car
   1100743 | Customer#001100743 | 708504.0852 |   4399.00 | INDONESIA                 | uz4bBjBYoA,gjoZ5dhGvsmZNrv5OjCgt        | 19-542-321-2434 | uickly. ironic, even accounts against the ironic pains nag carefull
    309157 | Customer#000309157 | 707149.1360 |    678.20 | ARGENTINA                 | HCFmX29qi oOTeu3rTBnZt5Gzo7ZD7ITZfoAspb | 11-423-392-5805 | ic deposits wake boldly. special packages nag quickly along 
    340927 | Customer#000340927 | 703136.0101 |   5494.36 | VIETNAM                   | zBAlyvPH5jtp7YYb7GxXAiD0                | 31-186-984-1193 | . final, final accounts instead of the carefully ironic requests det
    757405 | Customer#000757405 | 696434.4911 |   -454.95 | SAUDI ARABIA              | WofZ3wKlWdN                             | 30-810-482-5402 | arefully about the furiously ironic accounts. bold, bold ideas wake. enticing accounts are
(20 rows)

Time: 5065.094 ms (00:05.065)
