Timing is on.
    promo_revenue    
---------------------
 16.6071446356549154
(1 row)

Time: 3125.916 ms (00:03.126)
                                                                                                                               QUERY PLAN                                                                                                                                
-------------------------------------------------------------------------------------------------------------------------------------------------------------------------------------------------------------------------------------------------------------------------
 Limit  (cost=795999.47..795999.48 rows=1 width=32) (actual time=1137.444..1183.079 rows=1 loops=1)
   Output: (((100.00 * sum(CASE WHEN ((part.p_type)::text ~~ 'PROMO%'::text) THEN (lineitem.l_extendedprice * ('1'::numeric - lineitem.l_discount)) ELSE '0'::numeric END)) / sum((lineitem.l_extendedprice * ('1'::numeric - lineitem.l_discount)))))
   Buffers: shared hit=641976 read=174946
   ->  Finalize Aggregate  (cost=795999.47..795999.48 rows=1 width=32) (actual time=1137.443..1137.443 rows=1 loops=1)
         Output: ((100.00 * sum(CASE WHEN ((part.p_type)::text ~~ 'PROMO%'::text) THEN (lineitem.l_extendedprice * ('1'::numeric - lineitem.l_discount)) ELSE '0'::numeric END)) / sum((lineitem.l_extendedprice * ('1'::numeric - lineitem.l_discount))))
         Buffers: shared hit=641976 read=174946
         ->  Gather  (cost=795999.23..795999.44 rows=2 width=64) (actual time=1134.664..1183.063 rows=3 loops=1)
               Output: (PARTIAL sum(CASE WHEN ((part.p_type)::text ~~ 'PROMO%'::text) THEN (lineitem.l_extendedprice * ('1'::numeric - lineitem.l_discount)) ELSE '0'::numeric END)), (PARTIAL sum((lineitem.l_extendedprice * ('1'::numeric - lineitem.l_discount))))
               Workers Planned: 2
               Workers Launched: 2
               Buffers: shared hit=641976 read=174946
               ->  Partial Aggregate  (cost=794999.23..794999.24 rows=1 width=64) (actual time=1129.417..1129.417 rows=1 loops=3)
                     Output: PARTIAL sum(CASE WHEN ((part.p_type)::text ~~ 'PROMO%'::text) THEN (lineitem.l_extendedprice * ('1'::numeric - lineitem.l_discount)) ELSE '0'::numeric END), PARTIAL sum((lineitem.l_extendedprice * ('1'::numeric - lineitem.l_discount)))
                     Buffers: shared hit=641976 read=174946
                     Worker 0: actual time=1126.780..1126.780 rows=1 loops=1
                       Buffers: shared hit=187509 read=53312
                     Worker 1: actual time=1127.051..1127.051 rows=1 loops=1
                       Buffers: shared hit=185501 read=52396
                     ->  Parallel Hash Join  (cost=722433.18..788839.09 rows=352008 width=33) (actual time=792.223..1054.053 rows=257647 loops=3)
                           Output: part.p_type, lineitem.l_extendedprice, lineitem.l_discount
                           Hash Cond: (part.p_partkey = lineitem.l_partkey)
                           Buffers: shared hit=641976 read=174946
                           Worker 0: actual time=789.692..1052.761 rows=251518 loops=1
                             Buffers: shared hit=187509 read=53312
                           Worker 1: actual time=789.673..1053.724 rows=251207 loops=1
                             Buffers: shared hit=185501 read=52396
                           ->  Parallel Seq Scan on public.part  (cost=0.00..49314.29 rows=833329 width=25) (actual time=0.007..72.720 rows=666667 loops=3)
                                 Output: part.p_partkey, part.p_name, part.p_mfgr, part.p_brand, part.p_type, part.p_size, part.p_container, part.p_retailprice, part.p_comment
                                 Buffers: shared hit=40981
                                 Worker 0: actual time=0.008..78.269 rows=653055 loops=1
                                   Buffers: shared hit=13381
                                 Worker 1: actual time=0.009..78.120 rows=648974 loops=1
                                   Buffers: shared hit=13298
                           ->  Parallel Hash  (cost=718033.08..718033.08 rows=352008 width=20) (actual time=790.545..790.545 rows=257647 loops=3)
                                 Output: lineitem.l_extendedprice, lineitem.l_discount, lineitem.l_partkey
                                 Buckets: 1048576  Batches: 1  Memory Usage: 50592kB
                                 Buffers: shared hit=600930 read=174945
                                 Worker 0: actual time=789.343..789.343 rows=226548 loops=1
                                   Buffers: shared hit=174095 read=53312
                                 Worker 1: actual time=789.381..789.381 rows=223719 loops=1
                                   Buffers: shared hit=172171 read=52395
                                 ->  Parallel Index Scan using idx_lineitem_shipdate on public.lineitem  (cost=0.56..718033.08 rows=352008 width=20) (actual time=0.058..724.252 rows=257647 loops=3)
                                       Output: lineitem.l_extendedprice, lineitem.l_discount, lineitem.l_partkey
                                       Index Cond: ((lineitem.l_shipdate >= '1994-05-01'::date) AND (lineitem.l_shipdate < '1994-06-01 00:00:00'::timestamp without time zone))
                                       Buffers: shared hit=600930 read=174945
                                       Worker 0: actual time=0.071..730.381 rows=226548 loops=1
                                         Buffers: shared hit=174095 read=53312
                                       Worker 1: actual time=0.066..728.291 rows=223719 loops=1
                                         Buffers: shared hit=172171 read=52395
 Planning Time: 0.252 ms
 Execution Time: 1183.117 ms
(51 rows)

Time: 1184.453 ms (00:01.184)
    promo_revenue    
---------------------
 16.6071446356549154
(1 row)

Time: 742.282 ms
