Timing is on.
    revenue     
----------------
 447966480.1401
(1 row)

Time: 9642.387 ms (00:09.642)
                                                                                                                              QUERY PLAN                                                                                                                              
----------------------------------------------------------------------------------------------------------------------------------------------------------------------------------------------------------------------------------------------------------------------
 Limit  (cost=1157608.60..1157608.61 rows=1 width=32) (actual time=3377.137..3377.138 rows=1 loops=1)
   Output: (sum((l_extendedprice * l_discount)))
   Buffers: shared hit=622696 read=606575
   ->  Aggregate  (cost=1157608.60..1157608.61 rows=1 width=32) (actual time=3377.137..3377.137 rows=1 loops=1)
         Output: sum((l_extendedprice * l_discount))
         Buffers: shared hit=622696 read=606575
         ->  Index Scan using idx_lineitem_shipdate on public.lineitem  (cost=0.56..1151645.05 rows=1192710 width=12) (actual time=0.030..3123.262 rows=1194433 loops=1)
               Output: l_orderkey, l_partkey, l_suppkey, l_linenumber, l_quantity, l_extendedprice, l_discount, l_tax, l_returnflag, l_linestatus, l_shipdate, l_commitdate, l_receiptdate, l_shipinstruct, l_shipmode, l_comment
               Index Cond: ((lineitem.l_shipdate >= '1993-01-01'::date) AND (lineitem.l_shipdate < '1994-01-01 00:00:00'::timestamp without time zone) AND (lineitem.l_discount >= 0.01) AND (lineitem.l_discount <= 0.03) AND (lineitem.l_quantity < '25'::numeric))
               Buffers: shared hit=622696 read=606575
 Planning Time: 0.083 ms
 Execution Time: 3377.166 ms
(12 rows)

Time: 3379.044 ms (00:03.379)
    revenue     
----------------
 447966480.1401
(1 row)

Time: 3242.697 ms (00:03.243)
