Timing is on.
    promo_revenue    
---------------------
 16.6071446356549154
(1 row)

Time: 3487.557 ms (00:03.488)
                                                                                                                               QUERY PLAN                                                                                                                                
-------------------------------------------------------------------------------------------------------------------------------------------------------------------------------------------------------------------------------------------------------------------------
 Limit  (cost=733193.59..733193.60 rows=1 width=32) (actual time=2123.875..2152.633 rows=1 loops=1)
   Output: (((100.00 * sum(CASE WHEN ((part.p_type)::text ~~ 'PROMO%'::text) THEN (lineitem.l_extendedprice * ('1'::numeric - lineitem.l_discount)) ELSE '0'::numeric END)) / sum((lineitem.l_extendedprice * ('1'::numeric - lineitem.l_discount)))))
   Buffers: shared hit=228011 read=321683, temp read=33904 written=33862
   ->  Finalize Aggregate  (cost=733193.59..733193.60 rows=1 width=32) (actual time=2123.874..2123.874 rows=1 loops=1)
         Output: ((100.00 * sum(CASE WHEN ((part.p_type)::text ~~ 'PROMO%'::text) THEN (lineitem.l_extendedprice * ('1'::numeric - lineitem.l_discount)) ELSE '0'::numeric END)) / sum((lineitem.l_extendedprice * ('1'::numeric - lineitem.l_discount))))
         Buffers: shared hit=228011 read=321683, temp read=33904 written=33862
         ->  Gather  (cost=733193.35..733193.56 rows=2 width=64) (actual time=2123.857..2152.619 rows=3 loops=1)
               Output: (PARTIAL sum(CASE WHEN ((part.p_type)::text ~~ 'PROMO%'::text) THEN (lineitem.l_extendedprice * ('1'::numeric - lineitem.l_discount)) ELSE '0'::numeric END)), (PARTIAL sum((lineitem.l_extendedprice * ('1'::numeric - lineitem.l_discount))))
               Workers Planned: 2
               Workers Launched: 2
               Buffers: shared hit=228011 read=321683, temp read=33904 written=33862
               ->  Partial Aggregate  (cost=732193.35..732193.36 rows=1 width=64) (actual time=2101.800..2101.800 rows=1 loops=3)
                     Output: PARTIAL sum(CASE WHEN ((part.p_type)::text ~~ 'PROMO%'::text) THEN (lineitem.l_extendedprice * ('1'::numeric - lineitem.l_discount)) ELSE '0'::numeric END), PARTIAL sum((lineitem.l_extendedprice * ('1'::numeric - lineitem.l_discount)))
                     Buffers: shared hit=228011 read=321683, temp read=33904 written=33862
                     Worker 0: actual time=2090.948..2090.948 rows=1 loops=1
                       Buffers: shared hit=76430 read=93577, temp read=11195 written=11181
                     Worker 1: actual time=2090.849..2090.849 rows=1 loops=1
                       Buffers: shared hit=74165 read=95908, temp read=11197 written=11183
                     ->  Hash Join  (cost=110576.04..726880.61 rows=303585 width=33) (actual time=934.839..2017.165 rows=257647 loops=3)
                           Output: part.p_type, lineitem.l_extendedprice, lineitem.l_discount
                           Inner Unique: true
                           Hash Cond: (lineitem.l_partkey = part.p_partkey)
                           Buffers: shared hit=228011 read=321683, temp read=33904 written=33862
                           Worker 0: actual time=933.074..2013.893 rows=234920 loops=1
                             Buffers: shared hit=76430 read=93577, temp read=11195 written=11181
                           Worker 1: actual time=932.748..2012.916 rows=236001 loops=1
                             Buffers: shared hit=74165 read=95908, temp read=11197 written=11183
                           ->  Parallel Bitmap Heap Scan on public.lineitem  (cost=10923.94..609049.77 rows=314186 width=20) (actual time=241.119..1015.450 rows=257647 loops=3)
                                 Output: lineitem.l_extendedprice, lineitem.l_discount, lineitem.l_partkey
                                 Recheck Cond: ((lineitem.l_shipdate >= '1994-05-01'::date) AND (lineitem.l_shipdate < '1994-06-01 00:00:00'::timestamp without time zone))
                                 Heap Blocks: exact=165667
                                 Buffers: shared hit=145934 read=280703
                                 Worker 0: actual time=239.317..1019.123 rows=234920 loops=1
                                   Buffers: shared hit=39982 read=88987
                                 Worker 1: actual time=239.307..1018.045 rows=236001 loops=1
                                   Buffers: shared hit=39928 read=89107
                                 ->  Bitmap Index Scan on idx_lineitem_shipdate  (cost=0.00..10735.43 rows=754046 width=0) (actual time=146.711..146.711 rows=772942 loops=1)
                                       Index Cond: ((lineitem.l_shipdate >= '1994-05-01'::date) AND (lineitem.l_shipdate < '1994-06-01 00:00:00'::timestamp without time zone))
                                       Buffers: shared read=2966
                           ->  Hash  (cost=60980.60..60980.60 rows=1999960 width=25) (actual time=691.913..691.913 rows=2000000 loops=3)
                                 Output: part.p_type, part.p_partkey
                                 Buckets: 524288  Batches: 8  Memory Usage: 18555kB
                                 Buffers: shared hit=81964 read=40979, temp written=30198
                                 Worker 0: actual time=691.811..691.811 rows=2000000 loops=1
                                   Buffers: shared hit=36392 read=4589, temp written=10066
                                 Worker 1: actual time=691.765..691.765 rows=2000000 loops=1
                                   Buffers: shared hit=34180 read=6801, temp written=10066
                                 ->  Seq Scan on public.part  (cost=0.00..60980.60 rows=1999960 width=25) (actual time=0.015..402.093 rows=2000000 loops=3)
                                       Output: part.p_type, part.p_partkey
                                       Buffers: shared hit=81964 read=40979
                                       Worker 0: actual time=0.014..399.718 rows=2000000 loops=1
                                         Buffers: shared hit=36392 read=4589
                                       Worker 1: actual time=0.020..405.158 rows=2000000 loops=1
                                         Buffers: shared hit=34180 read=6801
 Planning time: 0.250 ms
 Execution time: 2152.717 ms
(56 rows)

Time: 2155.419 ms (00:02.155)
    promo_revenue    
---------------------
 16.6071446356549154
(1 row)

Time: 1478.197 ms (00:01.478)
