Timing is on.
CREATE VIEW
Time: 25.086 ms
 s_suppkey |          s_name           |          s_address           |     s_phone     | total_revenue 
-----------+---------------------------+------------------------------+-----------------+---------------
     46962 | Supplier#000046962        | XaRJRgXKj8wrQiVwx6dDpB4H8tVU | 33-316-183-8423 |  2133080.3850
(1 row)

Time: 11594.930 ms (00:11.595)
                                                                                                                                                                                                        QUERY PLAN                                                                                                                                                                                                        
--------------------------------------------------------------------------------------------------------------------------------------------------------------------------------------------------------------------------------------------------------------------------------------------------------------------------------------------------------------------------------------------------------------------------
 Limit  (cost=2757456.38..2757456.92 rows=1 width=103) (actual time=10540.449..10540.451 rows=1 loops=1)
   Output: supplier.s_suppkey, supplier.s_name, supplier.s_address, supplier.s_phone, (sum((lineitem.l_extendedprice * ('1'::numeric - lineitem.l_discount))))
   Buffers: shared hit=2 read=1402716, temp read=7570 written=8837
   InitPlan 1 (returns $0)
     ->  Aggregate  (cost=1259472.47..1259472.48 rows=1 width=32) (actual time=5365.973..5365.973 rows=1 loops=1)
           Output: max((sum((lineitem_1.l_extendedprice * ('1'::numeric - lineitem_1.l_discount)))))
           Buffers: shared hit=1 read=700753
           ->  HashAggregate  (cost=1256986.32..1258229.39 rows=99446 width=40) (actual time=5330.356..5359.638 rows=100000 loops=1)
                 Output: lineitem_1.l_suppkey, sum((lineitem_1.l_extendedprice * ('1'::numeric - lineitem_1.l_discount)))
                 Group Key: lineitem_1.l_suppkey
                 Buffers: shared hit=1 read=700753
                 ->  Bitmap Heap Scan on public.lineitem lineitem_1  (cost=32477.00..1234566.68 rows=2241964 width=20) (actual time=349.762..4058.531 rows=2293400 loops=1)
                       Output: lineitem_1.l_orderkey, lineitem_1.l_partkey, lineitem_1.l_suppkey, lineitem_1.l_linenumber, lineitem_1.l_quantity, lineitem_1.l_extendedprice, lineitem_1.l_discount, lineitem_1.l_tax, lineitem_1.l_returnflag, lineitem_1.l_linestatus, lineitem_1.l_shipdate, lineitem_1.l_commitdate, lineitem_1.l_receiptdate, lineitem_1.l_shipinstruct, lineitem_1.l_shipmode, lineitem_1.l_comment
                       Recheck Cond: ((lineitem_1.l_shipdate >= '1996-05-01'::date) AND (lineitem_1.l_shipdate < '1996-08-01 00:00:00'::timestamp without time zone))
                       Rows Removed by Index Recheck: 12203129
                       Heap Blocks: exact=424415 lossy=267548
                       Buffers: shared hit=1 read=700753
                       ->  Bitmap Index Scan on idx_lineitem_shipdate  (cost=0.00..31916.51 rows=2241964 width=0) (actual time=271.881..271.881 rows=2293400 loops=1)
                             Index Cond: ((lineitem_1.l_shipdate >= '1996-05-01'::date) AND (lineitem_1.l_shipdate < '1996-08-01 00:00:00'::timestamp without time zone))
                             Buffers: shared read=8791
   ->  Merge Join  (cost=1497983.90..1550904.11 rows=99446 width=103) (actual time=10540.449..10540.449 rows=1 loops=1)
         Output: supplier.s_suppkey, supplier.s_name, supplier.s_address, supplier.s_phone, (sum((lineitem.l_extendedprice * ('1'::numeric - lineitem.l_discount))))
         Inner Unique: true
         Merge Cond: (supplier.s_suppkey = lineitem.l_suppkey)
         Buffers: shared hit=2 read=1402716, temp read=7570 written=8837
         ->  Index Scan using supplier_pkey on public.supplier  (cost=0.29..4101.99 rows=100000 width=71) (actual time=0.015..7.130 rows=46962 loops=1)
               Output: supplier.s_suppkey, supplier.s_name, supplier.s_address, supplier.s_nationkey, supplier.s_phone, supplier.s_acctbal, supplier.s_comment
               Buffers: shared hit=1 read=1209
         ->  GroupAggregate  (cost=1497983.61..1544314.58 rows=99446 width=40) (actual time=10531.046..10531.046 rows=1 loops=1)
               Output: lineitem.l_suppkey, sum((lineitem.l_extendedprice * ('1'::numeric - lineitem.l_discount)))
               Group Key: lineitem.l_suppkey
               Filter: (sum((lineitem.l_extendedprice * ('1'::numeric - lineitem.l_discount))) = $0)
               Rows Removed by Filter: 46961
               Buffers: shared hit=1 read=1401507, temp read=7570 written=8837
               ->  Sort  (cost=1497983.61..1503588.52 rows=2241964 width=20) (actual time=4777.699..4877.528 rows=1075718 loops=1)
                     Output: lineitem.l_suppkey, lineitem.l_extendedprice, lineitem.l_discount
                     Sort Key: lineitem.l_suppkey
                     Sort Method: external merge  Disk: 70640kB
                     Buffers: shared read=700754, temp read=7570 written=8837
                     ->  Bitmap Heap Scan on public.lineitem  (cost=32477.00..1234566.68 rows=2241964 width=20) (actual time=351.521..4063.236 rows=2293400 loops=1)
                           Output: lineitem.l_suppkey, lineitem.l_extendedprice, lineitem.l_discount
                           Recheck Cond: ((lineitem.l_shipdate >= '1996-05-01'::date) AND (lineitem.l_shipdate < '1996-08-01 00:00:00'::timestamp without time zone))
                           Rows Removed by Index Recheck: 12203129
                           Heap Blocks: exact=424415 lossy=267548
                           Buffers: shared read=700754
                           ->  Bitmap Index Scan on idx_lineitem_shipdate  (cost=0.00..31916.51 rows=2241964 width=0) (actual time=272.844..272.844 rows=2293400 loops=1)
                                 Index Cond: ((lineitem.l_shipdate >= '1996-05-01'::date) AND (lineitem.l_shipdate < '1996-08-01 00:00:00'::timestamp without time zone))
                                 Buffers: shared read=8791
 Planning time: 0.198 ms
 Execution time: 10563.421 ms
(50 rows)

Time: 10565.958 ms (00:10.566)
DROP VIEW
Time: 9.241 ms
CREATE VIEW
Time: 0.893 ms
 s_suppkey |          s_name           |          s_address           |     s_phone     | total_revenue 
-----------+---------------------------+------------------------------+-----------------+---------------
     46962 | Supplier#000046962        | XaRJRgXKj8wrQiVwx6dDpB4H8tVU | 33-316-183-8423 |  2133080.3850
(1 row)

Time: 10325.749 ms (00:10.326)
DROP VIEW
Time: 1.020 ms
